[debug] [2026-05-01T21:49:43.179Z] ----------------------------------------------------------------------
[debug] [2026-05-01T21:49:43.182Z] Command:       C:\nvm4w\nodejs\node.exe C:\Users\Ryzen\AppData\Roaming\npm\node_modules\firebase-tools\lib\bin\firebase.js init functions
[debug] [2026-05-01T21:49:43.182Z] CLI Version:   15.16.0
[debug] [2026-05-01T21:49:43.182Z] Platform:      win32
[debug] [2026-05-01T21:49:43.182Z] Node Version:  v22.19.0
[debug] [2026-05-01T21:49:43.183Z] Time:          Fri May 01 2026 16:49:43 GMT-0500 (hora estándar de Perú)
[debug] [2026-05-01T21:49:43.183Z] ----------------------------------------------------------------------
[debug] 
[info] 
     ######## #### ########  ######## ########     ###     ######  ########
     ##        ##  ##     ## ##       ##     ##  ##   ##  ##       ##
     ######    ##  ########  ######   ########  #########  ######  ######
     ##        ##  ##    ##  ##       ##     ## ##     ##       ## ##
     ##       #### ##     ## ######## ########  ##     ##  ######  ########

You're about to initialize a Firebase project in this directory:

  C:\Github\proyecto-si889-2026-i-u1-aprendizaje-ia-quechua-aimara\android-app-v2

Before we get started, keep in mind:

  * You are currently outside your home directory

[info] 
=== Project Setup
[info] 
[info] First, let's associate this project directory with a Firebase project.
[info] You can create multiple project aliases by running firebase use --add, 
[info] 
[debug] [2026-05-01T21:50:00.361Z] ExitPromptError: User force closed the prompt with SIGINT
    at Interface.sigint (C:\Users\Ryzen\AppData\Roaming\npm\node_modules\firebase-tools\node_modules\@inquirer\core\dist\commonjs\lib\create-prompt.js:101:37)
    at Interface.emit (node:events:519:28)
    at [_ttyWrite] [as _ttyWrite] (node:internal/readline/interface:1132:18)
    at ReadStream.onkeypress (node:internal/readline/interface:271:20)
    at ReadStream.emit (node:events:531:35)
    at emitKeys (node:internal/readline/utils:370:14)
    at emitKeys.next (<anonymous>)
    at ReadStream.onData (node:internal/readline/emitKeypressEvents:64:36)
    at ReadStream.emit (node:events:519:28)
    at addChunk (node:internal/streams/readable:561:12)
[error] 
[error] Error: An unexpected error has occurred.
